app/build/outputs/logs/manifest-merger-debug-report.txt
-- Merging decision tree log ---
manifest
ADDED from src/main/AndroidManifest.xml:2:1-88:12
INJECTED from src/main/AndroidManifest.xml:2:1-88:12
INJECTED from src/main/AndroidManifest.xml:2:1-88:12
INJECTED from src/main/AndroidManifest.xml:2:1-88:12
MERGED from [com.karumi:dexter:6.2.3] AndroidManifest.xml:17:1-32:12
MERGED from [com.google.android.material:material:1.6.1] AndroidManifest.xml:17:1-26:12
MERGED from [com.github.JDevZone:FillProgressLayout:0.0.9] AndroidManifest.xml:2:1-9:12
MERGED from [com.github.SIARAY:DownloadManagerPlus:1.4.2] AndroidManifest.xml:2:1-23:12
MERGED from [com.android.car.ui:car-ui-lib:2.2.1] AndroidManifest.xml:17:1-45:12
MERGED from [androidx.constraintlayout:constraintlayout:2.1.4] AndroidManifest.xml:2:1-11:12
MERGED from [androidx.preference:preference:1.1.1] AndroidManifest.xml:17:1-24:12
MERGED from [androidx.appcompat:appcompat:1.4.2] AndroidManifest.xml:17:1-24:12
MERGED from [com.squareup.picasso:picasso:2.71828] AndroidManifest.xml:2:1-14:12
MERGED from [androidx.palette:palette:1.0.0] AndroidManifest.xml:17:1-22:12
MERGED from [androidx.media:media:1.6.0] AndroidManifest.xml:17:1-24:12
MERGED from [androidx.room:room-runtime:2.5.0-alpha02] AndroidManifest.xml:17:1-32:12
MERGED from [androidx.wear:wear:1.2.0] AndroidManifest.xml:17:1-30:12
MERGED from [androidx.swiperefreshlayout:swiperefreshlayout:1.1.0] AndroidManifest.xml:17:1-24:12
MERGED from [de.hdodenhof:circleimageview:3.1.0] AndroidManifest.xml:2:1-11:12
MERGED from [com.github.ybq:Android-SpinKit:1.4.0] AndroidManifest.xml:2:1-9:12
MERGED from [com.github.bumptech.glide:glide:4.13.2] AndroidManifest.xml:2:1-12:12
MERGED from [androidx.viewpager2:viewpager2:1.0.0] AndroidManifest.xml:17:1-24:12
MERGED from [androidx.fragment:fragment:1.3.6] AndroidManifest.xml:17:1-24:12
MERGED from [androidx.activity:activity:1.2.4] AndroidManifest.xml:17:1-24:12
MERGED from [androidx.appcompat:appcompat-resources:1.4.2] AndroidManifest.xml:17:1-24:12
MERGED from [androidx.emoji2:emoji2-views-helper:1.0.0] AndroidManifest.xml:17:1-24:12
MERGED from [androidx.emoji2:emoji2:1.0.0] AndroidManifest.xml:17:1-37:12
MERGED from [androidx.drawerlayout:drawerlayout:1.1.1] AndroidManifest.xml:17:1-24:12
MERGED from [androidx.coordinatorlayout:coordinatorlayout:1.1.0] AndroidManifest.xml:17:1-24:12
MERGED from [androidx.dynamicanimation:dynamicanimation:1.0.0] AndroidManifest.xml:17:1-22:12
MERGED from [androidx.transition:transition:1.2.0] AndroidManifest.xml:17:1-24:12
MERGED from [androidx.vectordrawable:vectordrawable-animated:1.1.0] AndroidManifest.xml:17:1-24:12
MERGED from [androidx.vectordrawable:vectordrawable:1.1.0] AndroidManifest.xml:17:1-24:12
MERGED from [androidx.core:core-ktx:1.6.0] AndroidManifest.xml:2:1-9:12
MERGED from [androidx.legacy:legacy-support-core-utils:1.0.0] AndroidManifest.xml:17:1-22:12
MERGED from [androidx.recyclerview:recyclerview:1.2.1] AndroidManifest.xml:17:1-24:12
MERGED from [androidx.viewpager:viewpager:1.0.0] AndroidManifest.xml:17:1-22:12
MERGED from [androidx.loader:loader:1.0.0] AndroidManifest.xml:17:1-22:12
MERGED from [androidx.customview:customview:1.1.0] AndroidManifest.xml:17:1-24:12
MERGED from [androidx.core:core:1.7.0] AndroidManifest.xml:17:1-26:12
MERGED from [androidx.cursoradapter:cursoradapter:1.0.0] AndroidManifest.xml:17:1-22:12
MERGED from [androidx.lifecycle:lifecycle-viewmodel-savedstate:2.3.1] AndroidManifest.xml:17:1-24:12
MERGED from [androidx.savedstate:savedstate:1.1.0] AndroidManifest.xml:17:1-24:12
MERGED from [androidx.lifecycle:lifecycle-viewmodel:2.3.1] AndroidManifest.xml:17:1-24:12
MERGED from [androidx.cardview:cardview:1.0.0] AndroidManifest.xml:17:1-22:12
MERGED from [androidx.versionedparcelable:versionedparcelable:1.1.1] AndroidManifest.xml:17:1-27:12
MERGED from [androidx.sqlite:sqlite-framework:2.3.0-alpha03] AndroidManifest.xml:17:1-23:12
MERGED from [androidx.sqlite:sqlite:2.3.0-alpha03] AndroidManifest.xml:17:1-23:12
MERGED from [androidx.interpolator:interpolator:1.0.0] AndroidManifest.xml:17:1-22:12
MERGED from [androidx.exifinterface:exifinterface:1.2.0] AndroidManifest.xml:17:1-24:12
MERGED from [com.github.bumptech.glide:gifdecoder:4.13.2] AndroidManifest.xml:2:1-11:12
MERGED from [androidx.lifecycle:lifecycle-process:2.4.0] AndroidManifest.xml:17:1-37:12
MERGED from [androidx.startup:startup-runtime:1.0.0] AndroidManifest.xml:17:1-33:12
MERGED from [androidx.tracing:tracing:1.0.0] AndroidManifest.xml:17:1-24:12
MERGED from [androidx.lifecycle:lifecycle-livedata:2.0.0] AndroidManifest.xml:17:1-22:12
MERGED from [androidx.lifecycle:lifecycle-livedata-core:2.3.1] AndroidManifest.xml:17:1-24:12
MERGED from [androidx.lifecycle:lifecycle-runtime:2.4.0] AndroidManifest.xml:17:1-24:12
MERGED from [androidx.arch.core:core-runtime:2.1.0] AndroidManifest.xml:17:1-24:12
MERGED from [androidx.documentfile:documentfile:1.0.0] AndroidManifest.xml:17:1-22:12
MERGED from [androidx.localbroadcastmanager:localbroadcastmanager:1.0.0] AndroidManifest.xml:17:1-22:12
MERGED from [androidx.print:print:1.0.0] AndroidManifest.xml:17:1-22:12
MERGED from [androidx.annotation:annotation-experimental:1.1.0] AndroidManifest.xml:17:1-24:12
INJECTED from src/main/AndroidManifest.xml:2:1-88:12
INJECTED from src/main/AndroidManifest.xml:2:1-88:12
INJECTED from src/main/AndroidManifest.xml:2:1-88:12
	package
		ADDED from src/main/AndroidManifest.xml:4:5-38
		INJECTED from src/main/AndroidManifest.xml
		INJECTED from src/main/AndroidManifest.xml
	android:versionName
		INJECTED from src/main/AndroidManifest.xml
		ADDED from src/main/AndroidManifest.xml:2:1-88:12
		INJECTED from src/main/AndroidManifest.xml
	xmlns:tools
		ADDED from src/main/AndroidManifest.xml:3:5-51
	android:versionCode
		INJECTED from src/main/AndroidManifest.xml
		ADDED from src/main/AndroidManifest.xml:2:1-88:12
		INJECTED from src/main/AndroidManifest.xml
	xmlns:android
		ADDED from src/main/AndroidManifest.xml:2:11-69
uses-permission#android.permission.ACCESS_NETWORK_STATE
ADDED from src/main/AndroidManifest.xml:6:5-79
	android:name
		ADDED from src/main/AndroidManifest.xml:6:22-76
uses-permission#android.permission.READ_EXTERNAL_STORAGE
ADDED from src/main/AndroidManifest.xml:7:5-80
	android:name
		ADDED from src/main/AndroidManifest.xml:7:22-77
uses-permission#android.permission.WRITE_EXTERNAL_STORAGE
ADDED from src/main/AndroidManifest.xml:8:5-81
MERGED from [com.github.SIARAY:DownloadManagerPlus:1.4.2] AndroidManifest.xml:12:5-81
MERGED from [com.github.SIARAY:DownloadManagerPlus:1.4.2] AndroidManifest.xml:12:5-81
	android:name
		ADDED from src/main/AndroidManifest.xml:8:22-78
uses-permission#android.permission.INTERNET
ADDED from src/main/AndroidManifest.xml:9:5-67
MERGED from [com.github.SIARAY:DownloadManagerPlus:1.4.2] AndroidManifest.xml:11:5-67
MERGED from [com.github.SIARAY:DownloadManagerPlus:1.4.2] AndroidManifest.xml:11:5-67
	android:name
		ADDED from src/main/AndroidManifest.xml:9:22-64
uses-permission#android.permission.FOREGROUND_SERVICE
ADDED from src/main/AndroidManifest.xml:10:5-77
	android:name
		ADDED from src/main/AndroidManifest.xml:10:22-74
application
ADDED from src/main/AndroidManifest.xml:12:5-86:19
MERGED from [com.karumi:dexter:6.2.3] AndroidManifest.xml:26:5-30:19
MERGED from [com.karumi:dexter:6.2.3] AndroidManifest.xml:26:5-30:19
MERGED from [com.google.android.material:material:1.6.1] AndroidManifest.xml:24:5-20
MERGED from [com.google.android.material:material:1.6.1] AndroidManifest.xml:24:5-20
MERGED from [com.github.SIARAY:DownloadManagerPlus:1.4.2] AndroidManifest.xml:15:5-21:19
MERGED from [com.github.SIARAY:DownloadManagerPlus:1.4.2] AndroidManifest.xml:15:5-21:19
MERGED from [com.android.car.ui:car-ui-lib:2.2.1] AndroidManifest.xml:30:5-43:19
MERGED from [com.android.car.ui:car-ui-lib:2.2.1] AndroidManifest.xml:30:5-43:19
MERGED from [androidx.constraintlayout:constraintlayout:2.1.4] AndroidManifest.xml:9:5-20
MERGED from [androidx.constraintlayout:constraintlayout:2.1.4] AndroidManifest.xml:9:5-20
MERGED from [com.squareup.picasso:picasso:2.71828] AndroidManifest.xml:7:5-12:19
MERGED from [com.squareup.picasso:picasso:2.71828] AndroidManifest.xml:7:5-12:19
MERGED from [androidx.room:room-runtime:2.5.0-alpha02] AndroidManifest.xml:24:5-30:19
MERGED from [androidx.room:room-runtime:2.5.0-alpha02] AndroidManifest.xml:24:5-30:19
MERGED from [androidx.wear:wear:1.2.0] AndroidManifest.xml:24:5-28:19
MERGED from [androidx.wear:wear:1.2.0] AndroidManifest.xml:24:5-28:19
MERGED from [de.hdodenhof:circleimageview:3.1.0] AndroidManifest.xml:9:5-20
MERGED from [de.hdodenhof:circleimageview:3.1.0] AndroidManifest.xml:9:5-20
MERGED from [com.github.bumptech.glide:glide:4.13.2] AndroidManifest.xml:10:5-20
MERGED from [com.github.bumptech.glide:glide:4.13.2] AndroidManifest.xml:10:5-20
MERGED from [androidx.emoji2:emoji2:1.0.0] AndroidManifest.xml:25:5-35:19
MERGED from [androidx.emoji2:emoji2:1.0.0] AndroidManifest.xml:25:5-35:19
MERGED from [androidx.core:core:1.7.0] AndroidManifest.xml:24:5-89
MERGED from [androidx.core:core:1.7.0] AndroidManifest.xml:24:5-89
MERGED from [androidx.versionedparcelable:versionedparcelable:1.1.1] AndroidManifest.xml:24:5-25:19
MERGED from [androidx.versionedparcelable:versionedparcelable:1.1.1] AndroidManifest.xml:24:5-25:19
MERGED from [com.github.bumptech.glide:gifdecoder:4.13.2] AndroidManifest.xml:9:5-20
MERGED from [com.github.bumptech.glide:gifdecoder:4.13.2] AndroidManifest.xml:9:5-20
MERGED from [androidx.lifecycle:lifecycle-process:2.4.0] AndroidManifest.xml:25:5-35:19
MERGED from [androidx.lifecycle:lifecycle-process:2.4.0] AndroidManifest.xml:25:5-35:19
MERGED from [androidx.startup:startup-runtime:1.0.0] AndroidManifest.xml:25:5-31:19
MERGED from [androidx.startup:startup-runtime:1.0.0] AndroidManifest.xml:25:5-31:19
	android:requestLegacyExternalStorage
		ADDED from [com.github.SIARAY:DownloadManagerPlus:1.4.2] AndroidManifest.xml:18:9-52
	android:appComponentFactory
		ADDED from [androidx.core:core:1.7.0] AndroidManifest.xml:24:18-86
	android:supportsRtl
		ADDED from src/main/AndroidManifest.xml:20:9-35
	android:label
		ADDED from src/main/AndroidManifest.xml:18:9-41
	android:fullBackupContent
		ADDED from src/main/AndroidManifest.xml:16:9-54
	android:roundIcon
		ADDED from src/main/AndroidManifest.xml:19:9-54
	tools:targetApi
		ADDED from src/main/AndroidManifest.xml:22:9-29
	android:icon
		ADDED from src/main/AndroidManifest.xml:17:9-43
	android:allowBackup
		ADDED from src/main/AndroidManifest.xml:14:9-35
	android:theme
		ADDED from src/main/AndroidManifest.xml:21:9-49
	android:dataExtractionRules
		ADDED from src/main/AndroidManifest.xml:15:9-65
	android:usesCleartextTraffic
		ADDED from [com.github.SIARAY:DownloadManagerPlus:1.4.2] AndroidManifest.xml:20:9-44
	android:name
		ADDED from src/main/AndroidManifest.xml:13:9-47
activity#com.taimoor.musicplayer.Activities.SearchActivity
ADDED from src/main/AndroidManifest.xml:23:9-25:40
	android:exported
		ADDED from src/main/AndroidManifest.xml:25:13-37
	android:name
		ADDED from src/main/AndroidManifest.xml:24:13-54
activity#com.taimoor.musicplayer.Activities.FavoritedSongs
ADDED from src/main/AndroidManifest.xml:26:9-28:40
	android:exported
		ADDED from src/main/AndroidManifest.xml:28:13-37
	android:name
		ADDED from src/main/AndroidManifest.xml:27:13-54
activity#com.taimoor.musicplayer.Activities.HistoryActivity
ADDED from src/main/AndroidManifest.xml:29:9-31:40
	android:exported
		ADDED from src/main/AndroidManifest.xml:31:13-37
	android:name
		ADDED from src/main/AndroidManifest.xml:30:13-55
activity#com.taimoor.musicplayer.Activities.PlayerActivityLocal
ADDED from src/main/AndroidManifest.xml:32:9-34:40
	android:exported
		ADDED from src/main/AndroidManifest.xml:34:13-37
	android:name
		ADDED from src/main/AndroidManifest.xml:33:13-59
activity#com.taimoor.musicplayer.Activities.LocalSongs
ADDED from src/main/AndroidManifest.xml:35:9-37:40
	android:exported
		ADDED from src/main/AndroidManifest.xml:37:13-37
	android:name
		ADDED from src/main/AndroidManifest.xml:36:13-50
activity#com.taimoor.musicplayer.Activities.PlayerActivity
ADDED from src/main/AndroidManifest.xml:38:9-40:40
	android:exported
		ADDED from src/main/AndroidManifest.xml:40:13-37
	android:name
		ADDED from src/main/AndroidManifest.xml:39:13-54
activity#com.taimoor.musicplayer.Activities.PlaylistActivity
ADDED from src/main/AndroidManifest.xml:41:9-43:40
	android:exported
		ADDED from src/main/AndroidManifest.xml:43:13-37
	android:name
		ADDED from src/main/AndroidManifest.xml:42:13-56
activity#com.taimoor.musicplayer.Activities.AlbumActivity
ADDED from src/main/AndroidManifest.xml:44:9-46:39
	android:exported
		ADDED from src/main/AndroidManifest.xml:46:13-36
	android:name
		ADDED from src/main/AndroidManifest.xml:45:13-53
activity#com.taimoor.musicplayer.Activities.MainActivity
ADDED from src/main/AndroidManifest.xml:47:9-55:20
	android:exported
		ADDED from src/main/AndroidManifest.xml:49:13-36
	android:name
		ADDED from src/main/AndroidManifest.xml:48:13-52
intent-filter#action:name:android.intent.action.MAIN+category:name:android.intent.category.LAUNCHER
ADDED from src/main/AndroidManifest.xml:50:13-54:29
action#android.intent.action.MAIN
ADDED from src/main/AndroidManifest.xml:51:17-69
	android:name
		ADDED from src/main/AndroidManifest.xml:51:25-66
category#android.intent.category.LAUNCHER
ADDED from src/main/AndroidManifest.xml:53:17-77
	android:name
		ADDED from src/main/AndroidManifest.xml:53:27-74
service#com.taimoor.musicplayer.Service.MusicService
ADDED from src/main/AndroidManifest.xml:57:9-59:38
	android:enabled
		ADDED from src/main/AndroidManifest.xml:59:13-35
	android:name
		ADDED from src/main/AndroidManifest.xml:58:13-49
service#com.taimoor.musicplayer.Service.MusicServiceLocal
ADDED from src/main/AndroidManifest.xml:60:9-62
	android:name
		ADDED from src/main/AndroidManifest.xml:60:18-59
receiver#com.taimoor.musicplayer.Service.NotificationReceiver
ADDED from src/main/AndroidManifest.xml:62:9-71:20
	android:enabled
		ADDED from src/main/AndroidManifest.xml:64:13-35
	android:exported
		ADDED from src/main/AndroidManifest.xml:65:13-36
	android:name
		ADDED from src/main/AndroidManifest.xml:63:13-57
intent-filter#action:name:actionnext+action:name:actionplay+action:name:actionprevious
ADDED from src/main/AndroidManifest.xml:66:13-70:29
action#actionprevious
ADDED from src/main/AndroidManifest.xml:67:17-57
	android:name
		ADDED from src/main/AndroidManifest.xml:67:25-54
action#actionnext
ADDED from src/main/AndroidManifest.xml:68:17-53
	android:name
		ADDED from src/main/AndroidManifest.xml:68:25-50
action#actionplay
ADDED from src/main/AndroidManifest.xml:69:17-53
	android:name
		ADDED from src/main/AndroidManifest.xml:69:25-50
receiver#com.taimoor.musicplayer.Service.NotificationReceiverLocal
ADDED from src/main/AndroidManifest.xml:72:9-81:20
	android:enabled
		ADDED from src/main/AndroidManifest.xml:74:13-35
	android:exported
		ADDED from src/main/AndroidManifest.xml:75:13-36
	android:name
		ADDED from src/main/AndroidManifest.xml:73:13-62
meta-data#preloaded_fonts
ADDED from src/main/AndroidManifest.xml:83:9-85:57
	android:resource
		ADDED from src/main/AndroidManifest.xml:85:13-54
	android:name
		ADDED from src/main/AndroidManifest.xml:84:13-43
uses-sdk
INJECTED from src/main/AndroidManifest.xml reason: use-sdk injection requested
INJECTED from src/main/AndroidManifest.xml
INJECTED from src/main/AndroidManifest.xml
MERGED from [com.karumi:dexter:6.2.3] AndroidManifest.xml:22:5-24:41
MERGED from [com.karumi:dexter:6.2.3] AndroidManifest.xml:22:5-24:41
MERGED from [com.google.android.material:material:1.6.1] AndroidManifest.xml:20:5-22:41
MERGED from [com.google.android.material:material:1.6.1] AndroidManifest.xml:20:5-22:41
MERGED from [com.github.JDevZone:FillProgressLayout:0.0.9] AndroidManifest.xml:5:5-7:41
MERGED from [com.github.JDevZone:FillProgressLayout:0.0.9] AndroidManifest.xml:5:5-7:41
MERGED from [com.github.SIARAY:DownloadManagerPlus:1.4.2] AndroidManifest.xml:7:5-9:41
MERGED from [com.github.SIARAY:DownloadManagerPlus:1.4.2] AndroidManifest.xml:7:5-9:41
MERGED from [com.android.car.ui:car-ui-lib:2.2.1] AndroidManifest.xml:21:5-44
MERGED from [com.android.car.ui:car-ui-lib:2.2.1] AndroidManifest.xml:21:5-44
MERGED from [androidx.constraintlayout:constraintlayout:2.1.4] AndroidManifest.xml:5:5-7:41
MERGED from [androidx.constraintlayout:constraintlayout:2.1.4] AndroidManifest.xml:5:5-7:41
MERGED from [androidx.preference:preference:1.1.1] AndroidManifest.xml:20:5-22:41
MERGED from [androidx.preference:preference:1.1.1] AndroidManifest.xml:20:5-22:41
MERGED from [androidx.appcompat:appcompat:1.4.2] AndroidManifest.xml:20:5-22:41
MERGED from [androidx.appcompat:appcompat:1.4.2] AndroidManifest.xml:20:5-22:41
MERGED from [com.squareup.picasso:picasso:2.71828] AndroidManifest.xml:5:5-44
MERGED from [com.squareup.picasso:picasso:2.71828] AndroidManifest.xml:5:5-44
MERGED from [androidx.palette:palette:1.0.0] AndroidManifest.xml:20:5-44
MERGED from [androidx.palette:palette:1.0.0] AndroidManifest.xml:20:5-44
MERGED from [androidx.media:media:1.6.0] AndroidManifest.xml:20:5-22:41
MERGED from [androidx.media:media:1.6.0] AndroidManifest.xml:20:5-22:41
MERGED from [androidx.room:room-runtime:2.5.0-alpha02] AndroidManifest.xml:21:5-22:38
MERGED from [androidx.room:room-runtime:2.5.0-alpha02] AndroidManifest.xml:21:5-22:38
MERGED from [androidx.wear:wear:1.2.0] AndroidManifest.xml:20:5-22:41
MERGED from [androidx.wear:wear:1.2.0] AndroidManifest.xml:20:5-22:41
MERGED from [androidx.swiperefreshlayout:swiperefreshlayout:1.1.0] AndroidManifest.xml:20:5-22:41
MERGED from [androidx.swiperefreshlayout:swiperefreshlayout:1.1.0] AndroidManifest.xml:20:5-22:41
MERGED from [de.hdodenhof:circleimageview:3.1.0] AndroidManifest.xml:5:5-7:41
MERGED from [de.hdodenhof:circleimageview:3.1.0] AndroidManifest.xml:5:5-7:41
MERGED from [com.github.ybq:Android-SpinKit:1.4.0] AndroidManifest.xml:5:5-7:41
MERGED from [com.github.ybq:Android-SpinKit:1.4.0] AndroidManifest.xml:5:5-7:41
MERGED from [com.github.bumptech.glide:glide:4.13.2] AndroidManifest.xml:6:5-8:41
MERGED from [com.github.bumptech.glide:glide:4.13.2] AndroidManifest.xml:6:5-8:41
MERGED from [androidx.viewpager2:viewpager2:1.0.0] AndroidManifest.xml:20:5-22:41
MERGED from [androidx.viewpager2:viewpager2:1.0.0] AndroidManifest.xml:20:5-22:41
MERGED from [androidx.fragment:fragment:1.3.6] AndroidManifest.xml:20:5-22:41
MERGED from [androidx.fragment:fragment:1.3.6] AndroidManifest.xml:20:5-22:41
MERGED from [androidx.activity:activity:1.2.4] AndroidManifest.xml:20:5-22:41
MERGED from [androidx.activity:activity:1.2.4] AndroidManifest.xml:20:5-22:41
MERGED from [androidx.appcompat:appcompat-resources:1.4.2] AndroidManifest.xml:20:5-22:41
MERGED from [androidx.appcompat:appcompat-resources:1.4.2] AndroidManifest.xml:20:5-22:41
MERGED from [androidx.emoji2:emoji2-views-helper:1.0.0] AndroidManifest.xml:20:5-22:41
MERGED from [androidx.emoji2:emoji2-views-helper:1.0.0] AndroidManifest.xml:20:5-22:41
MERGED from [androidx.emoji2:emoji2:1.0.0] AndroidManifest.xml:21:5-23:41
MERGED from [androidx.emoji2:emoji2:1.0.0] AndroidManifest.xml:21:5-23:41
MERGED from [androidx.drawerlayout:drawerlayout:1.1.1] AndroidManifest.xml:20:5-22:41
MERGED from [androidx.drawerlayout:drawerlayout:1.1.1] AndroidManifest.xml:20:5-22:41
MERGED from [androidx.coordinatorlayout:coordinatorlayout:1.1.0] AndroidManifest.xml:20:5-22:41
MERGED from [androidx.coordinatorlayout:coordinatorlayout:1.1.0] AndroidManifest.xml:20:5-22:41
MERGED from [androidx.dynamicanimation:dynamicanimation:1.0.0] AndroidManifest.xml:20:5-44
MERGED from [androidx.dynamicanimation:dynamicanimation:1.0.0] AndroidManifest.xml:20:5-44
MERGED from [androidx.transition:transition:1.2.0] AndroidManifest.xml:20:5-22:41
MERGED from [androidx.transition:transition:1.2.0] AndroidManifest.xml:20:5-22:41
MERGED from [androidx.vectordrawable:vectordrawable-animated:1.1.0] AndroidManifest.xml:20:5-22:41
MERGED from [androidx.vectordrawable:vectordrawable-animated:1.1.0] AndroidManifest.xml:20:5-22:41
MERGED from [androidx.vectordrawable:vectordrawable:1.1.0] AndroidManifest.xml:20:5-22:41
MERGED from [androidx.vectordrawable:vectordrawable:1.1.0] AndroidManifest.xml:20:5-22:41
MERGED from [androidx.core:core-ktx:1.6.0] AndroidManifest.xml:5:5-7:41
MERGED from [androidx.core:core-ktx:1.6.0] AndroidManifest.xml:5:5-7:41
MERGED from [androidx.legacy:legacy-support-core-utils:1.0.0] AndroidManifest.xml:20:5-44
MERGED from [androidx.legacy:legacy-support-core-utils:1.0.0] AndroidManifest.xml:20:5-44
MERGED from [androidx.recyclerview:recyclerview:1.2.1] AndroidManifest.xml:20:5-22:41
MERGED from [androidx.recyclerview:recyclerview:1.2.1] AndroidManifest.xml:20:5-22:41
MERGED from [androidx.viewpager:viewpager:1.0.0] AndroidManifest.xml:20:5-44
MERGED from [androidx.viewpager:viewpager:1.0.0] AndroidManifest.xml:20:5-44
MERGED from [androidx.loader:loader:1.0.0] AndroidManifest.xml:20:5-44
MERGED from [androidx.loader:loader:1.0.0] AndroidManifest.xml:20:5-44
MERGED from [androidx.customview:customview:1.1.0] AndroidManifest.xml:20:5-22:41
MERGED from [androidx.customview:customview:1.1.0] AndroidManifest.xml:20:5-22:41
MERGED from [androidx.core:core:1.7.0] AndroidManifest.xml:20:5-22:41
MERGED from [androidx.core:core:1.7.0] AndroidManifest.xml:20:5-22:41
MERGED from [androidx.cursoradapter:cursoradapter:1.0.0] AndroidManifest.xml:20:5-44
MERGED from [androidx.cursoradapter:cursoradapter:1.0.0] AndroidManifest.xml:20:5-44
MERGED from [androidx.lifecycle:lifecycle-viewmodel-savedstate:2.3.1] AndroidManifest.xml:20:5-22:41
MERGED from [androidx.lifecycle:lifecycle-viewmodel-savedstate:2.3.1] AndroidManifest.xml:20:5-22:41
MERGED from [androidx.savedstate:savedstate:1.1.0] AndroidManifest.xml:20:5-22:41
MERGED from [androidx.savedstate:savedstate:1.1.0] AndroidManifest.xml:20:5-22:41
MERGED from [androidx.lifecycle:lifecycle-viewmodel:2.3.1] AndroidManifest.xml:20:5-22:41
MERGED from [androidx.lifecycle:lifecycle-viewmodel:2.3.1] AndroidManifest.xml:20:5-22:41
MERGED from [androidx.cardview:cardview:1.0.0] AndroidManifest.xml:20:5-44
MERGED from [androidx.cardview:cardview:1.0.0] AndroidManifest.xml:20:5-44
MERGED from [androidx.versionedparcelable:versionedparcelable:1.1.1] AndroidManifest.xml:20:5-22:41
MERGED from [androidx.versionedparcelable:versionedparcelable:1.1.1] AndroidManifest.xml:20:5-22:41
MERGED from [androidx.sqlite:sqlite-framework:2.3.0-alpha03] AndroidManifest.xml:20:5-21:38
MERGED from [androidx.sqlite:sqlite-framework:2.3.0-alpha03] AndroidManifest.xml:20:5-21:38
MERGED from [androidx.sqlite:sqlite:2.3.0-alpha03] AndroidManifest.xml:20:5-21:38
MERGED from [androidx.sqlite:sqlite:2.3.0-alpha03] AndroidManifest.xml:20:5-21:38
MERGED from [androidx.interpolator:interpolator:1.0.0] AndroidManifest.xml:20:5-44
MERGED from [androidx.interpolator:interpolator:1.0.0] AndroidManifest.xml:20:5-44
MERGED from [androidx.exifinterface:exifinterface:1.2.0] AndroidManifest.xml:20:5-22:41
MERGED from [androidx.exifinterface:exifinterface:1.2.0] AndroidManifest.xml:20:5-22:41
MERGED from [com.github.bumptech.glide:gifdecoder:4.13.2] AndroidManifest.xml:5:5-7:41
MERGED from [com.github.bumptech.glide:gifdecoder:4.13.2] AndroidManifest.xml:5:5-7:41
MERGED from [androidx.lifecycle:lifecycle-process:2.4.0] AndroidManifest.xml:21:5-23:41
MERGED from [androidx.lifecycle:lifecycle-process:2.4.0] AndroidManifest.xml:21:5-23:41
MERGED from [androidx.startup:startup-runtime:1.0.0] AndroidManifest.xml:21:5-23:41
MERGED from [androidx.startup:startup-runtime:1.0.0] AndroidManifest.xml:21:5-23:41
MERGED from [androidx.tracing:tracing:1.0.0] AndroidManifest.xml:20:5-22:41
MERGED from [androidx.tracing:tracing:1.0.0] AndroidManifest.xml:20:5-22:41
MERGED from [androidx.lifecycle:lifecycle-livedata:2.0.0] AndroidManifest.xml:20:5-44
MERGED from [androidx.lifecycle:lifecycle-livedata:2.0.0] AndroidManifest.xml:20:5-44
MERGED from [androidx.lifecycle:lifecycle-livedata-core:2.3.1] AndroidManifest.xml:20:5-22:41
MERGED from [androidx.lifecycle:lifecycle-livedata-core:2.3.1] AndroidManifest.xml:20:5-22:41
MERGED from [androidx.lifecycle:lifecycle-runtime:2.4.0] AndroidManifest.xml:20:5-22:41
MERGED from [androidx.lifecycle:lifecycle-runtime:2.4.0] AndroidManifest.xml:20:5-22:41
MERGED from [androidx.arch.core:core-runtime:2.1.0] AndroidManifest.xml:20:5-22:41
MERGED from [androidx.arch.core:core-runtime:2.1.0] AndroidManifest.xml:20:5-22:41
MERGED from [androidx.documentfile:documentfile:1.0.0] AndroidManifest.xml:20:5-44
MERGED from [androidx.documentfile:documentfile:1.0.0] AndroidManifest.xml:20:5-44
MERGED from [androidx.localbroadcastmanager:localbroadcastmanager:1.0.0] AndroidManifest.xml:20:5-44
MERGED from [androidx.localbroadcastmanager:localbroadcastmanager:1.0.0] AndroidManifest.xml:20:5-44
MERGED from [androidx.print:print:1.0.0] AndroidManifest.xml:20:5-44
MERGED from [androidx.print:print:1.0.0] AndroidManifest.xml:20:5-44
MERGED from [androidx.annotation:annotation-experimental:1.1.0] AndroidManifest.xml:20:5-22:41
MERGED from [androidx.annotation:annotation-experimental:1.1.0] AndroidManifest.xml:20:5-22:41
INJECTED from src/main/AndroidManifest.xml
INJECTED from src/main/AndroidManifest.xml
	android:targetSdkVersion
		INJECTED from src/main/AndroidManifest.xml
		ADDED from src/main/AndroidManifest.xml
		INJECTED from src/main/AndroidManifest.xml
	android:minSdkVersion
		INJECTED from src/main/AndroidManifest.xml
		ADDED from src/main/AndroidManifest.xml
		INJECTED from src/main/AndroidManifest.xml
activity#com.karumi.dexter.DexterActivity
ADDED from [com.karumi:dexter:6.2.3] AndroidManifest.xml:27:9-29:72
	android:theme
		ADDED from [com.karumi:dexter:6.2.3] AndroidManifest.xml:29:13-69
	android:name
		ADDED from [com.karumi:dexter:6.2.3] AndroidManifest.xml:28:13-60
uses-permission#android.permission.DOWNLOAD_WITHOUT_NOTIFICATION
ADDED from [com.github.SIARAY:DownloadManagerPlus:1.4.2] AndroidManifest.xml:13:5-88
	android:name
		ADDED from [com.github.SIARAY:DownloadManagerPlus:1.4.2] AndroidManifest.xml:13:22-85
queries
ADDED from [com.android.car.ui:car-ui-lib:2.2.1] AndroidManifest.xml:23:5-28:15
provider#com.android.car.ui.plugin.PluginNameProvider
ADDED from [com.android.car.ui:car-ui-lib:2.2.1] AndroidManifest.xml:24:9-27:67
	android:authorities
		ADDED from [com.android.car.ui:car-ui-lib:2.2.1] AndroidManifest.xml:26:13-60
	tools:ignore
		ADDED from [com.android.car.ui:car-ui-lib:2.2.1] AndroidManifest.xml:27:13-64
	android:name
		ADDED from [com.android.car.ui:car-ui-lib:2.2.1] AndroidManifest.xml:25:13-72
provider#com.android.car.ui.core.CarUiInstaller
ADDED from [com.android.car.ui:car-ui-lib:2.2.1] AndroidManifest.xml:31:9-36:71
	android:process
		ADDED from [com.android.car.ui:car-ui-lib:2.2.1] AndroidManifest.xml:36:13-68
	android:authorities
		ADDED from [com.android.car.ui:car-ui-lib:2.2.1] AndroidManifest.xml:33:13-66
	android:exported
		ADDED from [com.android.car.ui:car-ui-lib:2.2.1] AndroidManifest.xml:35:13-37
	android:directBootAware
		ADDED from [com.android.car.ui:car-ui-lib:2.2.1] AndroidManifest.xml:34:13-43
	android:name
		ADDED from [com.android.car.ui:car-ui-lib:2.2.1] AndroidManifest.xml:32:13-66
provider#com.android.car.ui.core.SearchResultsProvider
ADDED from [com.android.car.ui:car-ui-lib:2.2.1] AndroidManifest.xml:37:9-42:79
	android:readPermission
		ADDED from [com.android.car.ui:car-ui-lib:2.2.1] AndroidManifest.xml:42:13-76
	android:process
		ADDED from [com.android.car.ui:car-ui-lib:2.2.1] AndroidManifest.xml:41:13-68
	android:authorities
		ADDED from [com.android.car.ui:car-ui-lib:2.2.1] AndroidManifest.xml:39:13-73
	android:exported
		ADDED from [com.android.car.ui:car-ui-lib:2.2.1] AndroidManifest.xml:40:13-36
	android:name
		ADDED from [com.android.car.ui:car-ui-lib:2.2.1] AndroidManifest.xml:38:13-73
provider#com.squareup.picasso.PicassoProvider
ADDED from [com.squareup.picasso:picasso:2.71828] AndroidManifest.xml:8:9-11:40
	android:authorities
		ADDED from [com.squareup.picasso:picasso:2.71828] AndroidManifest.xml:10:13-72
	android:exported
		ADDED from [com.squareup.picasso:picasso:2.71828] AndroidManifest.xml:11:13-37
	android:name
		ADDED from [com.squareup.picasso:picasso:2.71828] AndroidManifest.xml:9:13-64
service#androidx.room.MultiInstanceInvalidationService
ADDED from [androidx.room:room-runtime:2.5.0-alpha02] AndroidManifest.xml:25:9-29:63
	android:exported
		ADDED from [androidx.room:room-runtime:2.5.0-alpha02] AndroidManifest.xml:28:13-37
	tools:ignore
		ADDED from [androidx.room:room-runtime:2.5.0-alpha02] AndroidManifest.xml:29:13-60
	android:directBootAware
		ADDED from [androidx.room:room-runtime:2.5.0-alpha02] AndroidManifest.xml:27:13-43
	android:name
		ADDED from [androidx.room:room-runtime:2.5.0-alpha02] AndroidManifest.xml:26:13-74
uses-library#com.google.android.wearable
ADDED from [androidx.wear:wear:1.2.0] AndroidManifest.xml:25:9-27:40
	android:required
		ADDED from [androidx.wear:wear:1.2.0] AndroidManifest.xml:27:13-37
	android:name
		ADDED from [androidx.wear:wear:1.2.0] AndroidManifest.xml:26:13-55
provider#androidx.startup.InitializationProvider
ADDED from [androidx.emoji2:emoji2:1.0.0] AndroidManifest.xml:26:9-34:20
MERGED from [androidx.lifecycle:lifecycle-process:2.4.0] AndroidManifest.xml:26:9-34:20
MERGED from [androidx.lifecycle:lifecycle-process:2.4.0] AndroidManifest.xml:26:9-34:20
MERGED from [androidx.startup:startup-runtime:1.0.0] AndroidManifest.xml:26:9-30:34
MERGED from [androidx.startup:startup-runtime:1.0.0] AndroidManifest.xml:26:9-30:34
	tools:node
		ADDED from [androidx.emoji2:emoji2:1.0.0] AndroidManifest.xml:30:13-31
	android:authorities
		ADDED from [androidx.emoji2:emoji2:1.0.0] AndroidManifest.xml:28:13-68
	android:exported
		ADDED from [androidx.emoji2:emoji2:1.0.0] AndroidManifest.xml:29:13-37
	android:name
		ADDED from [androidx.emoji2:emoji2:1.0.0] AndroidManifest.xml:27:13-67
meta-data#androidx.emoji2.text.EmojiCompatInitializer